<?xml version="1.0" encoding="UTF-8"?>
<!-- Generated by org.testng.reporters.JUnitReportReporter -->
<testsuite skipped="0" hostname="LAPTOP-H8ACE30E" name="testScenarios.UrbanLadder" tests="66" failures="0" timestamp="10 Dec 2020 05:35:12 GMT" time="361.599" errors="0">
  <testcase name="operationSearchBar" time="11.070" classname="testScenarios.UrbanLadder"/>
  <testcase name="operationSearchBar" time="11.328" classname="testScenarios.UrbanLadder"/>
  <testcase name="operationSearchBar" time="9.012" classname="testScenarios.UrbanLadder"/>
  <testcase name="operationSearchBar" time="9.621" classname="testScenarios.UrbanLadder"/>
  <testcase name="operationCategoryMenu" time="51.627" classname="testScenarios.UrbanLadder"/>
  <testcase name="operationCategoryMenu" time="9.552" classname="testScenarios.UrbanLadder"/>
  <testcase name="operationCategoryMenu" time="1.059" classname="testScenarios.UrbanLadder"/>
  <testcase name="operationCategoryMenu" time="0.260" classname="testScenarios.UrbanLadder"/>
  <testcase name="operationPriceSelect" time="2.166" classname="testScenarios.UrbanLadder"/>
  <testcase name="operationPriceSelect" time="1.884" classname="testScenarios.UrbanLadder"/>
  <testcase name="operationPriceSelect" time="2.351" classname="testScenarios.UrbanLadder"/>
  <testcase name="operationPriceSelect" time="1.946" classname="testScenarios.UrbanLadder"/>
  <testcase name="operationStorageSelect" time="7.213" classname="testScenarios.UrbanLadder"/>
  <testcase name="operationStorageSelect" time="7.680" classname="testScenarios.UrbanLadder"/>
  <testcase name="operationStorageSelect" time="8.162" classname="testScenarios.UrbanLadder"/>
  <testcase name="operationStorageSelect" time="7.275" classname="testScenarios.UrbanLadder"/>
  <testcase name="print" time="8.037" classname="testScenarios.UrbanLadder"/>
  <testcase name="print" time="8.350" classname="testScenarios.UrbanLadder"/>
  <testcase name="print" time="8.030" classname="testScenarios.UrbanLadder"/>
  <testcase name="print" time="12.087" classname="testScenarios.UrbanLadder"/>
  <testcase name="testCaseReadExl" time="0.182" classname="testScenarios.UrbanLadder"/>
  <testcase name="testCaseReadExl" time="0.062" classname="testScenarios.UrbanLadder"/>
  <testcase name="operationSearch" time="8.670" classname="testScenarios.UrbanLadder"/>
  <testcase name="operationSearch" time="9.509" classname="testScenarios.UrbanLadder"/>
  <testcase name="operationCategory" time="2.133" classname="testScenarios.UrbanLadder"/>
  <testcase name="operationCategory" time="5.939" classname="testScenarios.UrbanLadder"/>
  <testcase name="operationPrice" time="7.803" classname="testScenarios.UrbanLadder"/>
  <testcase name="operationPrice" time="7.344" classname="testScenarios.UrbanLadder"/>
  <testcase name="operationStorage" time="5.718" classname="testScenarios.UrbanLadder"/>
  <testcase name="operationStorage" time="6.419" classname="testScenarios.UrbanLadder"/>
  <testcase name="operationstock" time="8.753" classname="testScenarios.UrbanLadder"/>
  <testcase name="operationstock" time="8.854" classname="testScenarios.UrbanLadder"/>
  <testcase name="toExcelWrite" time="0.376" classname="testScenarios.UrbanLadder"/>
  <testcase name="toExcelWrite" time="0.390" classname="testScenarios.UrbanLadder"/>
  <testcase name="getBeingAtHomeCollections" time="4.654" classname="testScenarios.UrbanLadder"/>
  <testcase name="getBeingAtHomeCollections" time="3.851" classname="testScenarios.UrbanLadder"/>
  <testcase name="testcase_clickGiftCards" time="7.354" classname="testScenarios.UrbanLadder"/>
  <testcase name="testcase_clickGiftCards" time="7.202" classname="testScenarios.UrbanLadder"/>
  <testcase name="testcase_selectGiftCards" time="1.484" classname="testScenarios.UrbanLadder"/>
  <testcase name="testcase_selectGiftCards" time="1.158" classname="testScenarios.UrbanLadder"/>
  <testcase name="testcase_customiseGiftCard" time="0.721" classname="testScenarios.UrbanLadder"/>
  <testcase name="testcase_customiseGiftCard" time="0.568" classname="testScenarios.UrbanLadder"/>
  <testcase name="testcase_FillDetails" time="5.257" classname="testScenarios.UrbanLadder"/>
  <testcase name="testcase_FillDetails" time="5.409" classname="testScenarios.UrbanLadder"/>
  <testcase name="errorMessage" time="0.927" classname="testScenarios.UrbanLadder"/>
  <testcase name="errorMessage" time="0.945" classname="testScenarios.UrbanLadder"/>
  <testcase name="write_ErrorMessage" time="0.082" classname="testScenarios.UrbanLadder"/>
  <testcase name="write_ErrorMessage" time="0.099" classname="testScenarios.UrbanLadder"/>
  <testcase name="ScreenShot" time="0.817" classname="testScenarios.UrbanLadder"/>
  <testcase name="ScreenShot" time="0.816" classname="testScenarios.UrbanLadder"/>
  <testcase name="testcase_readExcelDataValid" time="0.070" classname="testScenarios.UrbanLadder"/>
  <testcase name="testcase_readExcelDataValid" time="0.049" classname="testScenarios.UrbanLadder"/>
  <testcase name="testcase_FillValidDetails" time="1.276" classname="testScenarios.UrbanLadder"/>
  <testcase name="testcase_FillValidDetails" time="1.355" classname="testScenarios.UrbanLadder"/>
  <testcase name="proceedToPayment" time="9.178" classname="testScenarios.UrbanLadder"/>
  <testcase name="proceedToPayment" time="9.102" classname="testScenarios.UrbanLadder"/>
  <testcase name="studyChairSearch" time="3.919" classname="testScenarios.UrbanLadder"/>
  <testcase name="studyChairSearch" time="12.428" classname="testScenarios.UrbanLadder"/>
  <testcase name="studyChairSearch" time="3.349" classname="testScenarios.UrbanLadder"/>
  <testcase name="studyChairSearch" time="2.532" classname="testScenarios.UrbanLadder"/>
  <testcase name="operationSortBy" time="0.509" classname="testScenarios.UrbanLadder"/>
  <testcase name="operationSortBy" time="0.560" classname="testScenarios.UrbanLadder"/>
  <testcase name="operationSortBy" time="0.515" classname="testScenarios.UrbanLadder"/>
  <testcase name="StudyChairprint" time="8.182" classname="testScenarios.UrbanLadder"/>
  <testcase name="StudyChairprint" time="8.327" classname="testScenarios.UrbanLadder"/>
  <testcase name="StudyChairprint" time="8.042" classname="testScenarios.UrbanLadder"/>
</testsuite> <!-- testScenarios.UrbanLadder -->
