<?xml version="1.0" encoding="UTF-8"?>
<testsuite xmlns:xsi="http://www.w3.org/2001/XMLSchema-instance" xsi:noNamespaceSchemaLocation="https://maven.apache.org/surefire/maven-surefire-plugin/xsd/surefire-test-report.xsd" name="TestSuite" time="419.646" tests="66" errors="0" skipped="0" failures="0">
  <properties>
    <property name="java.vendor" value="Oracle Corporation"/>
    <property name="JOB_NAME" value="BinaryBeasts"/>
    <property name="RUN_TESTS_DISPLAY_URL" value="http://localhost:8080/job/BinaryBeasts/6/display/redirect?page=tests"/>
    <property name="sun.java.launcher" value="SUN_STANDARD"/>
    <property name="NUMBER_OF_PROCESSORS" value="8"/>
    <property name="sun.management.compiler" value="HotSpot 64-Bit Tiered Compilers"/>
    <property name="JENKINS_HOME" value="C:\WINDOWS\system32\config\systemprofile\AppData\Local\Jenkins\.jenkins"/>
    <property name="HUDSON_SERVER_COOKIE" value="a0ae3811ef3b0f79"/>
    <property name="POM_ARTIFACTID" value="BinaryBeasts"/>
    <property name="os.name" value="Windows 10"/>
    <property name="RegionCode" value="APJ"/>
    <property name="sun.boot.class.path" value="C:\Program Files\Java\jdk1.8.0_261\jre\lib\resources.jar;C:\Program Files\Java\jdk1.8.0_261\jre\lib\rt.jar;C:\Program Files\Java\jdk1.8.0_261\jre\lib\sunrsasign.jar;C:\Program Files\Java\jdk1.8.0_261\jre\lib\jsse.jar;C:\Program Files\Java\jdk1.8.0_261\jre\lib\jce.jar;C:\Program Files\Java\jdk1.8.0_261\jre\lib\charsets.jar;C:\Program Files\Java\jdk1.8.0_261\jre\lib\jfr.jar;C:\Program Files\Java\jdk1.8.0_261\jre\classes"/>
    <property name="EXECUTOR_NUMBER" value="0"/>
    <property name="sun.desktop" value="windows"/>
    <property name="PATHEXT" value=".COM;.EXE;.BAT;.CMD;.VBS;.VBE;.JS;.JSE;.WSF;.WSH;.MSC"/>
    <property name="java.vm.specification.vendor" value="Oracle Corporation"/>
    <property name="POM_DISPLAYNAME" value="BinaryBeasts"/>
    <property name="NODE_LABELS" value="master"/>
    <property name="TEMP" value="C:\WINDOWS\TEMP"/>
    <property name="java.runtime.version" value="1.8.0_261-b12"/>
    <property name="WINSW_SERVICE_ID" value="jenkins"/>
    <property name="user.name" value="LAPTOP-H8ACE30E$"/>
    <property name="guice.disable.misplaced.annotation.check" value="true"/>
    <property name="CommonProgramW6432" value="C:\Program Files\Common Files"/>
    <property name="ProgramFiles" value="C:\Program Files"/>
    <property name="OnlineServices" value="Online Services"/>
    <property name="user.language" value="en"/>
    <property name="JOB_BASE_NAME" value="BinaryBeasts"/>
    <property name="RUN_CHANGES_DISPLAY_URL" value="http://localhost:8080/job/BinaryBeasts/6/display/redirect?page=changes"/>
    <property name="BUILD_DISPLAY_NAME" value="#6"/>
    <property name="sun.boot.library.path" value="C:\Program Files\Java\jdk1.8.0_261\jre\bin"/>
    <property name="LOCALAPPDATA" value="C:\WINDOWS\system32\config\systemprofile\AppData\Local"/>
    <property name="java.version" value="1.8.0_261"/>
    <property name="PROCESSOR_LEVEL" value="6"/>
    <property name="user.timezone" value="Asia/Calcutta"/>
    <property name="USERNAME" value="LAPTOP-H8ACE30E$"/>
    <property name="sun.arch.data.model" value="64"/>
    <property name="NODE_NAME" value="master"/>
    <property name="java.endorsed.dirs" value="C:\Program Files\Java\jdk1.8.0_261\jre\lib\endorsed"/>
    <property name="BUILD_ID" value="6"/>
    <property name="sun.cpu.isalist" value="amd64"/>
    <property name="sun.jnu.encoding" value="Cp1252"/>
    <property name="file.encoding.pkg" value="sun.io"/>
    <property name="ILBDIR" value="C:\Program Files (x86)\Common Files\Autodesk Shared\Materials\"/>
    <property name="file.separator" value="\"/>
    <property name="java.specification.name" value="Java Platform API Specification"/>
    <property name="maven.conf" value="C:\Users\AMMU\Downloads\apache-maven-3.6.3-bin\apache-maven-3.6.3\conf"/>
    <property name="java.class.version" value="52.0"/>
    <property name="org.slf4j.simpleLogger.defaultLogLevel" value="info"/>
    <property name="user.country" value="IN"/>
    <property name="ALLUSERSPROFILE" value="C:\ProgramData"/>
    <property name="java.home" value="C:\Program Files\Java\jdk1.8.0_261\jre"/>
    <property name="java.vm.info" value="mixed mode"/>
    <property name="os.version" value="10.0"/>
    <property name="platformcode" value="KV"/>
    <property name="RUN_DISPLAY_URL" value="http://localhost:8080/job/BinaryBeasts/6/display/redirect"/>
    <property name="POM_VERSION" value="0.0.1-SNAPSHOT"/>
    <property name="TMP" value="C:\WINDOWS\TEMP"/>
    <property name="RUN_ARTIFACTS_DISPLAY_URL" value="http://localhost:8080/job/BinaryBeasts/6/display/redirect?page=artifacts"/>
    <property name="path.separator" value=";"/>
    <property name="java.vm.version" value="25.261-b12"/>
    <property name="user.variant" value=""/>
    <property name="JOB_DISPLAY_URL" value="http://localhost:8080/job/BinaryBeasts/display/redirect"/>
    <property name="CommonProgramFiles(x86)" value="C:\Program Files (x86)\Common Files"/>
    <property name="java.awt.printerjob" value="sun.awt.windows.WPrinterJob"/>
    <property name="JAVA_HOME" value="C:\Program Files\Java\jdk1.8.0_261"/>
    <property name="sun.io.unicode.encoding" value="UnicodeLittle"/>
    <property name="CommonProgramFiles" value="C:\Program Files\Common Files"/>
    <property name="ComSpec" value="C:\WINDOWS\system32\cmd.exe"/>
    <property name="awt.toolkit" value="sun.awt.windows.WToolkit"/>
    <property name="POM_PACKAGING" value="jar"/>
    <property name="user.script" value=""/>
    <property name="COMPUTERNAME" value="LAPTOP-H8ACE30E"/>
    <property name="SERVICE_ID" value="jenkins"/>
    <property name="POM_GROUPID" value="BinaryBeasts"/>
    <property name="user.home" value="C:\WINDOWS\system32\config\systemprofile"/>
    <property name="PUBLIC" value="C:\Users\Public"/>
    <property name="BUILD_TAG" value="jenkins-BinaryBeasts-6"/>
    <property name="JENKINS_SERVER_COOKIE" value="a0ae3811ef3b0f79"/>
    <property name="HUDSON_URL" value="http://localhost:8080/"/>
    <property name="ProgramData" value="C:\ProgramData"/>
    <property name="java.specification.vendor" value="Oracle Corporation"/>
    <property name="USERPROFILE" value="C:\WINDOWS\system32\config\systemprofile"/>
    <property name="CLASSPATH" value=""/>
    <property name="java.vendor.url" value="http://java.oracle.com/"/>
    <property name="java.library.path" value="C:\Program Files\Java\jdk1.8.0_261\bin;C:\WINDOWS\Sun\Java\bin;C:\WINDOWS\system32;C:\WINDOWS;C:\Users\AMMU\Downloads\apache-maven-3.6.3-bin\apache-maven-3.6.3/bin;C:\Program Files\Java\jdk1.8.0_261/bin;C:\Program Files\Java\jdk1.8.0_261/bin;C:\Program Files (x86)\Common Files\Oracle\Java\javapath;C:\windows\system32;C:\windows;C:\windows\System32\Wbem;C:\windows\System32\WindowsPowerShell\v1.0\;C:\windows\System32\OpenSSH\;C:\Program Files (x86)\Intel\Intel(R) Management Engine Components\DAL;C:\Program Files\Intel\Intel(R) Management Engine Components\DAL;C:\Program Files (x86)\Intel\Intel(R) Management Engine Components\IPT;C:\Program Files\Intel\Intel(R) Management Engine Components\IPT;C:\Program Files (x86)\NVIDIA Corporation\PhysX\Common;C:\WINDOWS\system32;C:\WINDOWS;C:\WINDOWS\System32\Wbem;C:\WINDOWS\System32\WindowsPowerShell\v1.0\;C:\WINDOWS\System32\OpenSSH\;C:\Program Files\apache-maven-3.3.3-bin\apache-maven-3.3.3\bin;%JAVA_HOME%\bin;C:\Program Files\Git\cmd;C:\WINDOWS\system32\config\systemprofile\AppData\Local\Microsoft\WindowsApps;."/>
    <property name="JAVAHOME" value="C:\Program Files\Java\jdk1.8.0_261"/>
    <property name="java.vm.vendor" value="Oracle Corporation"/>
    <property name="APPDATA" value="C:\WINDOWS\system32\config\systemprofile\AppData\Roaming"/>
    <property name="CM2014DIR" value="C:\Program Files (x86)\Common Files\Autodesk Shared\Materials\"/>
    <property name="java.runtime.name" value="Java(TM) SE Runtime Environment"/>
    <property name="maven.home" value="C:\Users\AMMU\Downloads\apache-maven-3.6.3-bin\apache-maven-3.6.3"/>
    <property name="java.class.path" value="C:\WINDOWS\system32\config\systemprofile\AppData\Local\Jenkins\.jenkins\plugins\maven-plugin\WEB-INF\lib\maven35-agent-1.13.jar;C:\Users\AMMU\Downloads\apache-maven-3.6.3-bin\apache-maven-3.6.3\boot\plexus-classworlds-2.6.0.jar;C:\Users\AMMU\Downloads\apache-maven-3.6.3-bin\apache-maven-3.6.3/conf/logging"/>
    <property name="sun.java.command" value="jenkins.maven3.agent.Maven35Main C:\Users\AMMU\Downloads\apache-maven-3.6.3-bin\apache-maven-3.6.3 C:\Windows\System32\config\systemprofile\AppData\Local\Jenkins\war\WEB-INF\lib\remoting-4.5.jar C:\WINDOWS\system32\config\systemprofile\AppData\Local\Jenkins\.jenkins\plugins\maven-plugin\WEB-INF\lib\maven35-interceptor-1.13.jar C:\WINDOWS\system32\config\systemprofile\AppData\Local\Jenkins\.jenkins\plugins\maven-plugin\WEB-INF\lib\maven3-interceptor-commons-1.13.jar 64858"/>
    <property name="Path" value="C:\Program Files\Java\jdk1.8.0_261/bin;C:\Program Files (x86)\Common Files\Oracle\Java\javapath;C:\windows\system32;C:\windows;C:\windows\System32\Wbem;C:\windows\System32\WindowsPowerShell\v1.0\;C:\windows\System32\OpenSSH\;C:\Program Files (x86)\Intel\Intel(R) Management Engine Components\DAL;C:\Program Files\Intel\Intel(R) Management Engine Components\DAL;C:\Program Files (x86)\Intel\Intel(R) Management Engine Components\IPT;C:\Program Files\Intel\Intel(R) Management Engine Components\IPT;C:\Program Files (x86)\NVIDIA Corporation\PhysX\Common;C:\WINDOWS\system32;C:\WINDOWS;C:\WINDOWS\System32\Wbem;C:\WINDOWS\System32\WindowsPowerShell\v1.0\;C:\WINDOWS\System32\OpenSSH\;C:\Program Files\apache-maven-3.3.3-bin\apache-maven-3.3.3\bin;%JAVA_HOME%\bin;C:\Program Files\Git\cmd;C:\WINDOWS\system32\config\systemprofile\AppData\Local\Microsoft\WindowsApps"/>
    <property name="java.vm.specification.name" value="Java Virtual Machine Specification"/>
    <property name="PROCESSOR_ARCHITECTURE" value="AMD64"/>
    <property name="PATH+JDK" value="C:\Program Files\Java\jdk1.8.0_261/bin"/>
    <property name="PROCESSOR_IDENTIFIER" value="Intel64 Family 6 Model 142 Stepping 10, GenuineIntel"/>
    <property name="java.vm.specification.version" value="1.8"/>
    <property name="sun.os.patch.level" value=""/>
    <property name="sun.cpu.endian" value="little"/>
    <property name="M2_HOME" value="C:\Users\AMMU\Downloads\apache-maven-3.6.3-bin\apache-maven-3.6.3"/>
    <property name="java.io.tmpdir" value="C:\WINDOWS\TEMP\"/>
    <property name="OS" value="Windows_NT"/>
    <property name="HUDSON_HOME" value="C:\WINDOWS\system32\config\systemprofile\AppData\Local\Jenkins\.jenkins"/>
    <property name="PATH+MAVEN" value="C:\Users\AMMU\Downloads\apache-maven-3.6.3-bin\apache-maven-3.6.3/bin"/>
    <property name="ProgramFiles(x86)" value="C:\Program Files (x86)"/>
    <property name="BUILD_URL" value="http://localhost:8080/job/BinaryBeasts/6/"/>
    <property name="java.vendor.url.bug" value="http://bugreport.sun.com/bugreport/"/>
    <property name="java.awt.graphicsenv" value="sun.awt.Win32GraphicsEnvironment"/>
    <property name="os.arch" value="amd64"/>
    <property name="SystemRoot" value="C:\WINDOWS"/>
    <property name="java.ext.dirs" value="C:\Program Files\Java\jdk1.8.0_261\jre\lib\ext;C:\WINDOWS\Sun\Java\lib\ext"/>
    <property name="user.dir" value="C:\Users\AMMU\Desktop\anjana\WorkSpace\875266_BinaryBeasts_DisplayBookShelves\BinaryBeasts\BinaryBeasts"/>
    <property name="JOB_URL" value="http://localhost:8080/job/BinaryBeasts/"/>
    <property name="USERDOMAIN" value="WORKGROUP"/>
    <property name="line.separator" value="&#10;"/>
    <property name="MAVEN_HOME" value="C:\Users\AMMU\Downloads\apache-maven-3.6.3-bin\apache-maven-3.6.3"/>
    <property name="java.vm.name" value="Java HotSpot(TM) 64-Bit Server VM"/>
    <property name="BUILD_NUMBER" value="6"/>
    <property name="BASE" value="C:\Program Files\Jenkins"/>
    <property name="JENKINS_URL" value="http://localhost:8080/"/>
    <property name="PROCESSOR_REVISION" value="8e0a"/>
    <property name="ProgramW6432" value="C:\Program Files"/>
    <property name="windir" value="C:\WINDOWS"/>
    <property name="file.encoding" value="Cp1252"/>
    <property name="SystemDrive" value="C:"/>
    <property name="maven3.interceptor" value="C:\WINDOWS\system32\config\systemprofile\AppData\Local\Jenkins\.jenkins\plugins\maven-plugin\WEB-INF\lib\maven35-interceptor-1.13.jar"/>
    <property name="WORKSPACE_TMP" value="C:\WINDOWS\system32\config\systemprofile\AppData\Local\Jenkins\.jenkins\workspace\BinaryBeasts@tmp"/>
    <property name="WORKSPACE" value="C:\WINDOWS\system32\config\systemprofile\AppData\Local\Jenkins\.jenkins\workspace\BinaryBeasts"/>
    <property name="maven3.interceptor.common" value="C:\WINDOWS\system32\config\systemprofile\AppData\Local\Jenkins\.jenkins\plugins\maven-plugin\WEB-INF\lib\maven3-interceptor-commons-1.13.jar"/>
    <property name="WINSW_EXECUTABLE" value="C:\Program Files\Jenkins\jenkins.exe"/>
    <property name="java.specification.version" value="1.8"/>
    <property name="PSModulePath" value="C:\Program Files\WindowsPowerShell\Modules;C:\WINDOWS\system32\WindowsPowerShell\v1.0\Modules"/>
    <property name="DriverData" value="C:\Windows\System32\Drivers\DriverData"/>
  </properties>
  <testcase name="operationSearchBar" classname="testScenarios.UrbanLadder" time="11.334"/>
  <testcase name="operationSearchBar" classname="testScenarios.UrbanLadder" time="9.622"/>
  <testcase name="operationSearchBar" classname="testScenarios.UrbanLadder" time="9.012"/>
  <testcase name="operationSearchBar" classname="testScenarios.UrbanLadder" time="11.07"/>
  <testcase name="operationCategoryMenu" classname="testScenarios.UrbanLadder" time="51.635"/>
  <testcase name="operationCategoryMenu" classname="testScenarios.UrbanLadder" time="1.059"/>
  <testcase name="operationCategoryMenu" classname="testScenarios.UrbanLadder" time="0.259"/>
  <testcase name="operationCategoryMenu" classname="testScenarios.UrbanLadder" time="9.552"/>
  <testcase name="operationPriceSelect" classname="testScenarios.UrbanLadder" time="2.343"/>
  <testcase name="operationPriceSelect" classname="testScenarios.UrbanLadder" time="1.945"/>
  <testcase name="operationPriceSelect" classname="testScenarios.UrbanLadder" time="1.884"/>
  <testcase name="operationPriceSelect" classname="testScenarios.UrbanLadder" time="2.166"/>
  <testcase name="operationStorageSelect" classname="testScenarios.UrbanLadder" time="8.161"/>
  <testcase name="operationStorageSelect" classname="testScenarios.UrbanLadder" time="7.68"/>
  <testcase name="operationStorageSelect" classname="testScenarios.UrbanLadder" time="7.213"/>
  <testcase name="operationStorageSelect" classname="testScenarios.UrbanLadder" time="7.276"/>
  <testcase name="print" classname="testScenarios.UrbanLadder" time="12.087"/>
  <testcase name="print" classname="testScenarios.UrbanLadder" time="8.036"/>
  <testcase name="print" classname="testScenarios.UrbanLadder" time="8.35"/>
  <testcase name="print" classname="testScenarios.UrbanLadder" time="8.03"/>
  <testcase name="testCaseReadExl" classname="testScenarios.UrbanLadder" time="0.182"/>
  <testcase name="testCaseReadExl" classname="testScenarios.UrbanLadder" time="0.062"/>
  <testcase name="operationSearch" classname="testScenarios.UrbanLadder" time="9.51"/>
  <testcase name="operationSearch" classname="testScenarios.UrbanLadder" time="8.671"/>
  <testcase name="operationCategory" classname="testScenarios.UrbanLadder" time="5.937"/>
  <testcase name="operationCategory" classname="testScenarios.UrbanLadder" time="2.134"/>
  <testcase name="operationPrice" classname="testScenarios.UrbanLadder" time="7.803"/>
  <testcase name="operationPrice" classname="testScenarios.UrbanLadder" time="7.344"/>
  <testcase name="operationStorage" classname="testScenarios.UrbanLadder" time="5.718"/>
  <testcase name="operationStorage" classname="testScenarios.UrbanLadder" time="6.419"/>
  <testcase name="operationstock" classname="testScenarios.UrbanLadder" time="8.853"/>
  <testcase name="operationstock" classname="testScenarios.UrbanLadder" time="8.754"/>
  <testcase name="toExcelWrite" classname="testScenarios.UrbanLadder" time="0.39"/>
  <testcase name="toExcelWrite" classname="testScenarios.UrbanLadder" time="0.377"/>
  <testcase name="getBeingAtHomeCollections" classname="testScenarios.UrbanLadder" time="4.655"/>
  <testcase name="getBeingAtHomeCollections" classname="testScenarios.UrbanLadder" time="3.852"/>
  <testcase name="testcase_clickGiftCards" classname="testScenarios.UrbanLadder" time="7.355"/>
  <testcase name="testcase_clickGiftCards" classname="testScenarios.UrbanLadder" time="7.203"/>
  <testcase name="testcase_selectGiftCards" classname="testScenarios.UrbanLadder" time="1.483"/>
  <testcase name="testcase_selectGiftCards" classname="testScenarios.UrbanLadder" time="1.158"/>
  <testcase name="testcase_customiseGiftCard" classname="testScenarios.UrbanLadder" time="0.72"/>
  <testcase name="testcase_customiseGiftCard" classname="testScenarios.UrbanLadder" time="0.568"/>
  <testcase name="testcase_FillDetails" classname="testScenarios.UrbanLadder" time="5.258"/>
  <testcase name="testcase_FillDetails" classname="testScenarios.UrbanLadder" time="5.409"/>
  <testcase name="errorMessage" classname="testScenarios.UrbanLadder" time="0.928"/>
  <testcase name="errorMessage" classname="testScenarios.UrbanLadder" time="0.945"/>
  <testcase name="write_ErrorMessage" classname="testScenarios.UrbanLadder" time="0.099"/>
  <testcase name="write_ErrorMessage" classname="testScenarios.UrbanLadder" time="0.082"/>
  <testcase name="ScreenShot" classname="testScenarios.UrbanLadder" time="0.818"/>
  <testcase name="ScreenShot" classname="testScenarios.UrbanLadder" time="0.816"/>
  <testcase name="testcase_readExcelDataValid" classname="testScenarios.UrbanLadder" time="0.07"/>
  <testcase name="testcase_readExcelDataValid" classname="testScenarios.UrbanLadder" time="0.048"/>
  <testcase name="testcase_FillValidDetails" classname="testScenarios.UrbanLadder" time="1.355"/>
  <testcase name="testcase_FillValidDetails" classname="testScenarios.UrbanLadder" time="1.276"/>
  <testcase name="proceedToPayment" classname="testScenarios.UrbanLadder" time="9.177"/>
  <testcase name="proceedToPayment" classname="testScenarios.UrbanLadder" time="9.102"/>
  <testcase name="studyChairSearch" classname="testScenarios.UrbanLadder" time="3.349"/>
  <testcase name="studyChairSearch" classname="testScenarios.UrbanLadder" time="12.428"/>
  <testcase name="studyChairSearch" classname="testScenarios.UrbanLadder" time="2.532"/>
  <testcase name="studyChairSearch" classname="testScenarios.UrbanLadder" time="3.919"/>
  <testcase name="operationSortBy" classname="testScenarios.UrbanLadder" time="0.561"/>
  <testcase name="operationSortBy" classname="testScenarios.UrbanLadder" time="0.515"/>
  <testcase name="operationSortBy" classname="testScenarios.UrbanLadder" time="0.509"/>
  <testcase name="StudyChairprint" classname="testScenarios.UrbanLadder" time="8.043"/>
  <testcase name="StudyChairprint" classname="testScenarios.UrbanLadder" time="8.183"/>
  <testcase name="StudyChairprint" classname="testScenarios.UrbanLadder" time="8.327"/>
</testsuite>